[0406/135559.173:WARNING:angle_platform_impl.cc(48)] HLSLCompiler.cpp:257 (compileToBinary): 
C:\fakepath(102,1-6): warning X4000: use of potentially uninitialized variable (dyn_index_vec4_float4)

[0406/135559.238:WARNING:angle_platform_impl.cc(48)] HLSLCompiler.cpp:257 (compileToBinary): 
C:\fakepath(125,1): warning X4000: use of potentially uninitialized variable (f_mainImage)

[0406/135559.277:WARNING:angle_platform_impl.cc(48)] HLSLCompiler.cpp:257 (compileToBinary): 
C:\fakepath(135,1): warning X4000: use of potentially uninitialized variable (f_i)
C:\fakepath(137,1): warning X4000: use of potentially uninitialized variable (f_i)
C:\fakepath(173,1): warning X4000: use of potentially uninitialized variable (f_u)

[0406/135600.923:WARNING:angle_platform_impl.cc(48)] HLSLCompiler.cpp:257 (compileToBinary): 
C:\fakepath(165,1): warning X4000: use of potentially uninitialized variable (f_renderMipMapLevel)

[0406/135600.925:WARNING:angle_platform_impl.cc(48)] HLSLCompiler.cpp:257 (compileToBinary): 
C:\fakepath(165,1): warning X4000: use of potentially uninitialized variable (f_renderMipMapLevel)

[0406/135601.098:WARNING:angle_platform_impl.cc(48)] HLSLCompiler.cpp:257 (compileToBinary): 
C:\fakepath(381,10-38): warning X4008: floating point division by zero
C:\fakepath(381,10-38): warning X4008: floating point division by zero

[0406/135601.361:WARNING:angle_platform_impl.cc(48)] HLSLCompiler.cpp:257 (compileToBinary): 
C:\fakepath(165,1): warning X4000: use of potentially uninitialized variable (f_renderMipMapLevel)

[0406/135601.366:WARNING:angle_platform_impl.cc(48)] HLSLCompiler.cpp:257 (compileToBinary): 
C:\fakepath(165,1): warning X4000: use of potentially uninitialized variable (f_renderMipMapLevel)

[0406/135601.367:WARNING:angle_platform_impl.cc(48)] HLSLCompiler.cpp:257 (compileToBinary): 
C:\fakepath(165,1): warning X4000: use of potentially uninitialized variable (f_renderMipMapLevel)

[0406/135619.145:WARNING:angle_platform_impl.cc(48)] HLSLCompiler.cpp:257 (compileToBinary): 
C:\fakepath(102,1-6): warning X4000: use of potentially uninitialized variable (dyn_index_vec4_float4)

[0406/135619.189:WARNING:angle_platform_impl.cc(48)] HLSLCompiler.cpp:257 (compileToBinary): 
C:\fakepath(125,1): warning X4000: use of potentially uninitialized variable (f_mainImage)

[0406/135619.216:WARNING:angle_platform_impl.cc(48)] HLSLCompiler.cpp:257 (compileToBinary): 
C:\fakepath(135,1): warning X4000: use of potentially uninitialized variable (f_i)
C:\fakepath(137,1): warning X4000: use of potentially uninitialized variable (f_i)
C:\fakepath(173,1): warning X4000: use of potentially uninitialized variable (f_u)

[0406/135621.046:WARNING:angle_platform_impl.cc(48)] HLSLCompiler.cpp:257 (compileToBinary): 
C:\fakepath(381,10-38): warning X4008: floating point division by zero
C:\fakepath(381,10-38): warning X4008: floating point division by zero

[0406/135621.373:WARNING:angle_platform_impl.cc(48)] HLSLCompiler.cpp:257 (compileToBinary): 
C:\fakepath(165,1): warning X4000: use of potentially uninitialized variable (f_renderMipMapLevel)

[0406/135639.615:WARNING:angle_platform_impl.cc(48)] HLSLCompiler.cpp:257 (compileToBinary): 
C:\fakepath(102,1-6): warning X4000: use of potentially uninitialized variable (dyn_index_vec4_float4)

[0406/135639.713:WARNING:angle_platform_impl.cc(48)] HLSLCompiler.cpp:257 (compileToBinary): 
C:\fakepath(135,1): warning X4000: use of potentially uninitialized variable (f_i)
C:\fakepath(137,1): warning X4000: use of potentially uninitialized variable (f_i)
C:\fakepath(173,1): warning X4000: use of potentially uninitialized variable (f_u)

[0406/135641.735:WARNING:angle_platform_impl.cc(48)] HLSLCompiler.cpp:257 (compileToBinary): 
C:\fakepath(165,1): warning X4000: use of potentially uninitialized variable (f_renderMipMapLevel)

[0406/135641.738:WARNING:angle_platform_impl.cc(48)] HLSLCompiler.cpp:257 (compileToBinary): 
C:\fakepath(165,1): warning X4000: use of potentially uninitialized variable (f_renderMipMapLevel)

[0406/135641.740:WARNING:angle_platform_impl.cc(48)] HLSLCompiler.cpp:257 (compileToBinary): 
C:\fakepath(165,1): warning X4000: use of potentially uninitialized variable (f_renderMipMapLevel)

[0406/135642.262:WARNING:angle_platform_impl.cc(48)] HLSLCompiler.cpp:257 (compileToBinary): 
C:\fakepath(165,1): warning X4000: use of potentially uninitialized variable (f_renderMipMapLevel)

[0406/135642.264:WARNING:angle_platform_impl.cc(48)] HLSLCompiler.cpp:257 (compileToBinary): 
C:\fakepath(165,1): warning X4000: use of potentially uninitialized variable (f_renderMipMapLevel)

[0406/135642.264:WARNING:angle_platform_impl.cc(48)] HLSLCompiler.cpp:257 (compileToBinary): 
C:\fakepath(165,1): warning X4000: use of potentially uninitialized variable (f_renderMipMapLevel)

[0406/135642.278:WARNING:angle_platform_impl.cc(48)] HLSLCompiler.cpp:257 (compileToBinary): 
C:\fakepath(165,1): warning X4000: use of potentially uninitialized variable (f_renderMipMapLevel)

[0406/135653.340:ERROR:gpu_init.cc(426)] Passthrough is not supported, GL is disabled
