[+] Containers:
 |- [+] Container: /Game/ThirdPerson/Maps/ThirdPersonMap
 |   |- [+] ActorDescs:
 |   |   |- Guid:209DD98B49946C49C7D62BB956792F97 NativeClass:/Script/Engine.StaticMeshActor Name:StaticMeshActor_UAID_CC96E5378338B55B02_2066383455 Label:Four SpatiallyLoaded:true EditorBounds:IsValid=true, Min=(X=10135.228 Y=1616.977 Z=97.539), Max=(X=10159.228 Y=1640.977 Z=121.539) RuntimeBounds:IsValid=true, Min=(X=10135.228 Y=1616.977 Z=97.539), Max=(X=10159.228 Y=1640.977 Z=121.539) RuntimeGrid:None EditorOnly:false RuntimeOnly:false HLODRelevant:true ListedInSceneOutliner:true IsMainWorldOnly:false
 |   |   |- Guid:2AC300E74BDB7CCEE08EE99B0C80E4A7 BaseClass:/Game/Shapes/Shape3/BP_Shape3.BP_Shape3_C NativeClass:/Script/Engine.Actor Name:BP_Shape3_C_UAID_CC96E5378338045C02_1819214355 Label:BP_Shape7 SpatiallyLoaded:true EditorBounds:IsValid=true, Min=(X=10742.389 Y=338.197 Z=100.188), Max=(X=11967.389 Y=1563.197 Z=6300.188) RuntimeBounds:IsValid=true, Min=(X=10742.389 Y=338.197 Z=100.188), Max=(X=11967.389 Y=1563.197 Z=6300.188) RuntimeGrid:None EditorOnly:false RuntimeOnly:false HLODRelevant:false ListedInSceneOutliner:true IsMainWorldOnly:false
 |   |   |- Guid:2FB58999456391D349DC0F86DAC136ED NativeClass:/Script/Engine.SkyLight Name:SkyLight_1 Label:SkyLight SpatiallyLoaded:false EditorBounds:IsValid=true, Min=(X=0.000 Y=0.000 Z=690.000), Max=(X=0.000 Y=0.000 Z=690.000) RuntimeBounds:IsValid=true, Min=(X=0.000 Y=0.000 Z=690.000), Max=(X=0.000 Y=0.000 Z=690.000) RuntimeGrid:None EditorOnly:false RuntimeOnly:false HLODRelevant:false ListedInSceneOutliner:true IsMainWorldOnly:false FolderPath:Lighting FolderGuid:963EC3EB4002CCE9759E2EBA541A873A
 |   |   |- Guid:316CF2A6494ACA4C0E4180A87D36AB8F NativeClass:/Script/Engine.ExponentialHeightFog Name:ExponentialHeightFog_0 Label:ExponentialHeightFog SpatiallyLoaded:false EditorBounds:IsValid=true, Min=(X=-5600.000 Y=-50.000 Z=-6850.000), Max=(X=-5600.000 Y=-50.000 Z=-6850.000) RuntimeBounds:IsValid=true, Min=(X=-5600.000 Y=-50.000 Z=-6850.000), Max=(X=-5600.000 Y=-50.000 Z=-6850.000) RuntimeGrid:None EditorOnly:false RuntimeOnly:false HLODRelevant:false ListedInSceneOutliner:true IsMainWorldOnly:false FolderPath:Lighting FolderGuid:963EC3EB4002CCE9759E2EBA541A873A
 |   |   |- Guid:3A00AA1C422CE54C0BDB60BAF471BFBB NativeClass:/Script/Engine.PlayerStart Name:PlayerStart_0 Label:PlayerStart SpatiallyLoaded:false EditorBounds:IsValid=true, Min=(X=4252.000 Y=1412.000 Z=-35.987), Max=(X=4620.000 Y=1668.000 Z=220.013) RuntimeBounds:IsValid=true, Min=(X=4340.000 Y=1500.000 Z=0.013), Max=(X=4420.000 Y=1580.000 Z=184.013) RuntimeGrid:None EditorOnly:false RuntimeOnly:false HLODRelevant:false ListedInSceneOutliner:true IsMainWorldOnly:false
 |   |   |- Guid:4D3BE93F4146AAAC8BBE79999D96D57F NativeClass:/Script/Engine.VolumetricCloud Name:VolumetricCloud_0 Label:VolumetricCloud SpatiallyLoaded:false EditorBounds:IsValid=true, Min=(X=0.000 Y=0.000 Z=820.000), Max=(X=0.000 Y=0.000 Z=820.000) RuntimeBounds:IsValid=true, Min=(X=0.000 Y=0.000 Z=820.000), Max=(X=0.000 Y=0.000 Z=820.000) RuntimeGrid:None EditorOnly:false RuntimeOnly:false HLODRelevant:false ListedInSceneOutliner:true IsMainWorldOnly:false FolderPath:Lighting FolderGuid:963EC3EB4002CCE9759E2EBA541A873A
 |   |   |- Guid:52837E7E48A254E5606747B6F111F983 BaseClass:/Game/Shapes/Shape3/BP_Shape3.BP_Shape3_C NativeClass:/Script/Engine.Actor Name:BP_Shape3_C_UAID_CC96E5378338045C02_1817233354 Label:BP_Shape6 SpatiallyLoaded:true EditorBounds:IsValid=true, Min=(X=8107.510 Y=375.697 Z=100.188), Max=(X=9257.510 Y=1525.697 Z=6300.188) RuntimeBounds:IsValid=true, Min=(X=8107.510 Y=375.697 Z=100.188), Max=(X=9257.510 Y=1525.697 Z=6300.188) RuntimeGrid:None EditorOnly:false RuntimeOnly:false HLODRelevant:false ListedInSceneOutliner:true IsMainWorldOnly:false
 |   |   |- Guid:6003DACB47E199F3921EBF9635DF47E3 BaseClass:/Game/Shapes/Shape3/BP_Shape3.BP_Shape3_C NativeClass:/Script/Engine.Actor Name:BP_Shape3_C_UAID_CC96E5378338045C02_1827351358 Label:BP_Shape10 SpatiallyLoaded:true EditorBounds:IsValid=true, Min=(X=5238.159 Y=-348.028 Z=100.188), Max=(X=6488.159 Y=901.972 Z=5700.188) RuntimeBounds:IsValid=true, Min=(X=5238.159 Y=-348.028 Z=100.188), Max=(X=6488.159 Y=901.972 Z=5700.188) RuntimeGrid:None EditorOnly:false RuntimeOnly:false HLODRelevant:false ListedInSceneOutliner:true IsMainWorldOnly:false
 |   |   |- Guid:63B61988462D20534AB98C9935F3994E BaseClass:/Game/Shapes/Shape3/BP_Shape3.BP_Shape3_C NativeClass:/Script/Engine.Actor Name:BP_Shape3_C_UAID_CC96E5378338045C02_1841874361 Label:BP_Shape13 SpatiallyLoaded:true EditorBounds:IsValid=true, Min=(X=2038.008 Y=-3808.539 Z=100.188), Max=(X=3263.008 Y=-2583.539 Z=6300.188) RuntimeBounds:IsValid=true, Min=(X=2038.008 Y=-3808.539 Z=100.188), Max=(X=3263.008 Y=-2583.539 Z=6300.188) RuntimeGrid:None EditorOnly:false RuntimeOnly:false HLODRelevant:false ListedInSceneOutliner:true IsMainWorldOnly:false
 |   |   |- Guid:6BAF4DDD444C60371492D3919DB42C97 NativeClass:/Script/Engine.WorldDataLayers Name:WorldDataLayers Label:WorldDataLayers SpatiallyLoaded:false EditorBounds:IsValid=true, Min=(X=0.000 Y=0.000 Z=0.000), Max=(X=0.000 Y=0.000 Z=0.000) RuntimeBounds:IsValid=true, Min=(X=0.000 Y=0.000 Z=0.000), Max=(X=0.000 Y=0.000 Z=0.000) RuntimeGrid:None EditorOnly:false RuntimeOnly:false HLODRelevant:false ListedInSceneOutliner:true IsMainWorldOnly:true
 |   |   |- Guid:709BEC0349BF460E909149819BB8B146 BaseClass:/Game/Shapes/Shape3/BP_Shape3.BP_Shape3_C NativeClass:/Script/Engine.Actor Name:BP_Shape3_C_UAID_CC96E5378338045C02_1455709351 Label:BP_Shape3 SpatiallyLoaded:true EditorBounds:IsValid=true, Min=(X=10412.999 Y=-3302.603 Z=100.188), Max=(X=11562.999 Y=-2152.603 Z=6300.188) RuntimeBounds:IsValid=true, Min=(X=10412.999 Y=-3302.603 Z=100.188), Max=(X=11562.999 Y=-2152.603 Z=6300.188) RuntimeGrid:None EditorOnly:false RuntimeOnly:false HLODRelevant:false ListedInSceneOutliner:true IsMainWorldOnly:false
 |   |   |- Guid:732A6B814D1D0EE12F88D7AC49815AFF BaseClass:/Game/Shapes/Shape3/BP_Shape3.BP_Shape3_C NativeClass:/Script/Engine.Actor Name:BP_Shape3_C_UAID_CC96E5378338045C02_1847175364 Label:BP_Shape16 SpatiallyLoaded:true EditorBounds:IsValid=true, Min=(X=8083.543 Y=-3471.018 Z=100.188), Max=(X=9283.543 Y=-2271.018 Z=6300.188) RuntimeBounds:IsValid=true, Min=(X=8083.543 Y=-3471.018 Z=100.188), Max=(X=9283.543 Y=-2271.018 Z=6300.188) RuntimeGrid:None EditorOnly:false RuntimeOnly:false HLODRelevant:false ListedInSceneOutliner:true IsMainWorldOnly:false
 |   |   |- Guid:7BDC8FD54DB65477C5888CB1A09CCC34 NativeClass:/Script/Engine.StaticMeshActor Name:StaticMeshActor_UAID_305A3A8361D12F5702_1442180643 Label:SM_Cube6 SpatiallyLoaded:true EditorBounds:IsValid=true, Min=(X=-3785.921 Y=-10146.810 Z=-53.852), Max=(X=16705.543 Y=14558.330 Z=103.390) RuntimeBounds:IsValid=true, Min=(X=-3785.921 Y=-10146.810 Z=-53.852), Max=(X=16705.543 Y=14558.330 Z=103.390) RuntimeGrid:None EditorOnly:false RuntimeOnly:false HLODRelevant:true ListedInSceneOutliner:true IsMainWorldOnly:false FolderPath:Playground FolderGuid:C73F09FC4215536B1DCE2A9E0A830C70
 |   |   |- Guid:8045513447FCC3F9227554942282874D BaseClass:/Game/Shapes/Shape3/BP_Shape3.BP_Shape3_C NativeClass:/Script/Engine.Actor Name:BP_Shape3_C_UAID_CC96E5378338045C02_1832767360 Label:BP_Shape12 SpatiallyLoaded:true EditorBounds:IsValid=true, Min=(X=2025.508 Y=-1787.333 Z=100.188), Max=(X=3275.508 Y=-537.333 Z=6300.188) RuntimeBounds:IsValid=true, Min=(X=2025.508 Y=-1787.333 Z=100.188), Max=(X=3275.508 Y=-537.333 Z=6300.188) RuntimeGrid:None EditorOnly:false RuntimeOnly:false HLODRelevant:false ListedInSceneOutliner:true IsMainWorldOnly:false
 |   |   |- Guid:84B595704FFA9CF0B2B729875D9208FF BaseClass:/Game/Shapes/Shape3/BP_Shape3.BP_Shape3_C NativeClass:/Script/Engine.Actor Name:BP_Shape3_C_UAID_CC96E5378338045C02_1863985368 Label:BP_Shape20 SpatiallyLoaded:true EditorBounds:IsValid=true, Min=(X=12433.509 Y=3561.681 Z=100.188), Max=(X=13683.509 Y=4811.681 Z=4900.188) RuntimeBounds:IsValid=true, Min=(X=12433.509 Y=3561.681 Z=100.188), Max=(X=13683.509 Y=4811.681 Z=4900.188) RuntimeGrid:None EditorOnly:false RuntimeOnly:false HLODRelevant:false ListedInSceneOutliner:true IsMainWorldOnly:false
 |   |   |- Guid:877DD6754D709E042BBFE187DA084436 NativeClass:/Script/Engine.StaticMeshActor Name:StaticMeshActor_UAID_305A3A8361D1335702_2071721370 Label:RevolveSpline SpatiallyLoaded:true EditorBounds:IsValid=true, Min=(X=-20477.210 Y=2423.569 Z=-1275.280), Max=(X=-17563.046 Y=6044.726 Z=1735.415) RuntimeBounds:IsValid=true, Min=(X=-20477.210 Y=2423.569 Z=-1275.280), Max=(X=-17563.046 Y=6044.726 Z=1735.415) RuntimeGrid:None EditorOnly:false RuntimeOnly:false HLODRelevant:true ListedInSceneOutliner:true IsMainWorldOnly:false
 |   |   |- Guid:954D616C4B1D90721566848D9D909E9E BaseClass:/Game/Shapes/Shape3/BP_Shape3.BP_Shape3_C NativeClass:/Script/Engine.Actor Name:BP_Shape3_C_UAID_CC96E5378338045C02_1822464356 Label:BP_Shape8 SpatiallyLoaded:true EditorBounds:IsValid=true, Min=(X=10754.888 Y=2290.697 Z=100.188), Max=(X=11954.888 Y=3490.697 Z=1900.188) RuntimeBounds:IsValid=true, Min=(X=10754.888 Y=2290.697 Z=100.188), Max=(X=11954.888 Y=3490.697 Z=1900.188) RuntimeGrid:None EditorOnly:false RuntimeOnly:false HLODRelevant:false ListedInSceneOutliner:true IsMainWorldOnly:false
 |   |   |- Guid:A2CA7616450E4875242E4F887FD4EB0E NativeClass:/Script/Engine.StaticMeshActor Name:StaticMeshActor_UAID_305A3A8361D1275702_1093631231 Label:Box SpatiallyLoaded:true EditorBounds:IsValid=true, Min=(X=-21508.625 Y=-28.055 Z=-1950.091), Max=(X=-18170.658 Y=2615.911 Z=892.134) RuntimeBounds:IsValid=true, Min=(X=-21508.625 Y=-28.055 Z=-1950.091), Max=(X=-18170.658 Y=2615.911 Z=892.134) RuntimeGrid:None EditorOnly:false RuntimeOnly:false HLODRelevant:true ListedInSceneOutliner:true IsMainWorldOnly:false
 |   |   |- Guid:B13D8105421FA4E4D134B0AE86137DEF BaseClass:/Game/Shapes/Shape3/BP_Shape3.BP_Shape3_C NativeClass:/Script/Engine.Actor Name:BP_Shape3_C_UAID_CC96E5378338045C02_1824506357 Label:BP_Shape9 SpatiallyLoaded:true EditorBounds:IsValid=true, Min=(X=7968.233 Y=2265.697 Z=100.188), Max=(X=9218.233 Y=3515.697 Z=4500.188) RuntimeBounds:IsValid=true, Min=(X=7968.233 Y=2265.697 Z=100.188), Max=(X=9218.233 Y=3515.697 Z=4500.188) RuntimeGrid:None EditorOnly:false RuntimeOnly:false HLODRelevant:false ListedInSceneOutliner:true IsMainWorldOnly:false
 |   |   |- Guid:B785ED2844B84CFB91E7F39FE661CD99 NativeClass:/Script/Engine.DirectionalLight Name:DirectionalLight_0 Label:DirectionalLight SpatiallyLoaded:false EditorBounds:IsValid=true, Min=(X=-1048576.000 Y=-1048576.000 Z=-1048576.000), Max=(X=1048576.000 Y=1048576.000 Z=1048576.000) RuntimeBounds:IsValid=true, Min=(X=-1048576.000 Y=-1048576.000 Z=-1048576.000), Max=(X=1048576.000 Y=1048576.000 Z=1048576.000) RuntimeGrid:None EditorOnly:false RuntimeOnly:false HLODRelevant:false ListedInSceneOutliner:true IsMainWorldOnly:false FolderPath:Lighting FolderGuid:963EC3EB4002CCE9759E2EBA541A873A
 |   |   |- Guid:B7B143D9434B031A85BA04BE8F3D2257 BaseClass:/Game/Shapes/Shape3/BP_Shape3.BP_Shape3_C NativeClass:/Script/Engine.Actor Name:BP_Shape3_C_UAID_CC96E5378338045C02_1843488362 Label:BP_Shape14 SpatiallyLoaded:true EditorBounds:IsValid=true, Min=(X=3783.944 Y=-3483.518 Z=100.188), Max=(X=5008.944 Y=-2258.518 Z=3600.188) RuntimeBounds:IsValid=true, Min=(X=3783.944 Y=-3483.518 Z=100.188), Max=(X=5008.944 Y=-2258.518 Z=3600.188) RuntimeGrid:None EditorOnly:false RuntimeOnly:false HLODRelevant:false ListedInSceneOutliner:true IsMainWorldOnly:false
 |   |   |- Guid:BC72C7EE4C4AFA5A1F3DE4A15E471D3B BaseClass:/Game/Shapes/Shape3/BP_Shape3.BP_Shape3_C NativeClass:/Script/Engine.Actor Name:BP_Shape3_C_UAID_CC96E5378338045C02_1813849352 Label:BP_Shape4 SpatiallyLoaded:true EditorBounds:IsValid=true, Min=(X=8057.510 Y=-3352.603 Z=100.188), Max=(X=9307.510 Y=-2102.603 Z=1800.188) RuntimeBounds:IsValid=true, Min=(X=8057.510 Y=-3352.603 Z=100.188), Max=(X=9307.510 Y=-2102.603 Z=1800.188) RuntimeGrid:None EditorOnly:false RuntimeOnly:false HLODRelevant:false ListedInSceneOutliner:true IsMainWorldOnly:false
 |   |   |- Guid:C4ABE9984F0F3F0C71CE4EA869E86842 BaseClass:/Game/Shapes/Shape3/BP_Shape3.BP_Shape3_C NativeClass:/Script/Engine.Actor Name:BP_Shape3_C_UAID_CC96E5378338045C02_1829793359 Label:BP_Shape11 SpatiallyLoaded:true EditorBounds:IsValid=true, Min=(X=4228.603 Y=-1975.102 Z=100.188), Max=(X=5478.603 Y=-725.102 Z=6300.188) RuntimeBounds:IsValid=true, Min=(X=4228.603 Y=-1975.102 Z=100.188), Max=(X=5478.603 Y=-725.102 Z=6300.188) RuntimeGrid:None EditorOnly:false RuntimeOnly:false HLODRelevant:false ListedInSceneOutliner:true IsMainWorldOnly:false
 |   |   |- Guid:C53712A34DDDAD1F5DFAA78734DAB610 BaseClass:/Game/Shapes/Shape3/BP_Shape5.BP_Shape5_C NativeClass:/Script/Engine.Actor Name:BP_Shape5_C_UAID_CC96E5378338975C02_1459906223 Label:BP_Shape21 SpatiallyLoaded:true EditorBounds:IsValid=true, Min=(X=3555.914 Y=6668.052 Z=96.191), Max=(X=3555.914 Y=6668.052 Z=96.191) RuntimeBounds:IsValid=true, Min=(X=3555.914 Y=6668.052 Z=96.191), Max=(X=3555.914 Y=6668.052 Z=96.191) RuntimeGrid:None EditorOnly:false RuntimeOnly:false HLODRelevant:false ListedInSceneOutliner:true IsMainWorldOnly:false
 |   |   |- Guid:C5FC3498434A9545266A20BF9A38CAF4 BaseClass:/Game/Shapes/Shape3/BP_Shape3.BP_Shape3_C NativeClass:/Script/Engine.Actor Name:BP_Shape3_C_UAID_CC96E5378338045C02_1815566353 Label:BP_Shape5 SpatiallyLoaded:true EditorBounds:IsValid=true, Min=(X=8057.510 Y=-1410.486 Z=100.188), Max=(X=9307.510 Y=-160.486 Z=6300.188) RuntimeBounds:IsValid=true, Min=(X=8057.510 Y=-1410.486 Z=100.188), Max=(X=9307.510 Y=-160.486 Z=6300.188) RuntimeGrid:None EditorOnly:false RuntimeOnly:false HLODRelevant:false ListedInSceneOutliner:true IsMainWorldOnly:false
 |   |   |- Guid:CA0C68054C741E900A6F149F112CC162 NativeClass:/Script/Engine.StaticMeshActor Name:StaticMeshActor_UAID_CC96E5378338B55B02_2092877456 Label:4to3 SpatiallyLoaded:true EditorBounds:IsValid=true, Min=(X=10135.442 Y=1616.973 Z=121.539), Max=(X=10159.442 Y=1640.973 Z=133.700) RuntimeBounds:IsValid=true, Min=(X=10135.442 Y=1616.973 Z=121.539), Max=(X=10159.442 Y=1640.973 Z=133.700) RuntimeGrid:None EditorOnly:false RuntimeOnly:false HLODRelevant:true ListedInSceneOutliner:true IsMainWorldOnly:false
 |   |   |- Guid:CCFF262C46EEFFDF319E7F9539CE697E NativeClass:/Script/Engine.SkyAtmosphere Name:SkyAtmosphere_0 Label:SkyAtmosphere SpatiallyLoaded:false EditorBounds:IsValid=true, Min=(X=0.000 Y=0.000 Z=1020.000), Max=(X=0.000 Y=0.000 Z=1020.000) RuntimeBounds:IsValid=true, Min=(X=0.000 Y=0.000 Z=1020.000), Max=(X=0.000 Y=0.000 Z=1020.000) RuntimeGrid:None EditorOnly:false RuntimeOnly:false HLODRelevant:false ListedInSceneOutliner:true IsMainWorldOnly:false FolderPath:Lighting FolderGuid:963EC3EB4002CCE9759E2EBA541A873A
 |   |   |- Guid:D48D94C94601C8E44FC386AA4B8E8A99 BaseClass:/Game/Shapes/Shape3/BP_Shape3.BP_Shape3_C NativeClass:/Script/Engine.Actor Name:BP_Shape3_C_UAID_CC96E5378338045C02_1845498363 Label:BP_Shape15 SpatiallyLoaded:true EditorBounds:IsValid=true, Min=(X=5764.855 Y=-3496.018 Z=100.188), Max=(X=7014.855 Y=-2246.018 Z=6300.188) RuntimeBounds:IsValid=true, Min=(X=5764.855 Y=-3496.018 Z=100.188), Max=(X=7014.855 Y=-2246.018 Z=6300.188) RuntimeGrid:None EditorOnly:false RuntimeOnly:false HLODRelevant:false ListedInSceneOutliner:true IsMainWorldOnly:false
 |   |   |- Guid:E42A1A92476FAA7BECC1098D0BBBD9E3 BaseClass:/Game/Shapes/Shape3/BP_Shape3.BP_Shape3_C NativeClass:/Script/Engine.Actor Name:BP_Shape3_C_UAID_CC96E5378338045C02_1862238367 Label:BP_Shape19 SpatiallyLoaded:true EditorBounds:IsValid=true, Min=(X=12458.509 Y=1591.406 Z=100.188), Max=(X=13658.509 Y=2791.406 Z=6300.188) RuntimeBounds:IsValid=true, Min=(X=12458.509 Y=1591.406 Z=100.188), Max=(X=13658.509 Y=2791.406 Z=6300.188) RuntimeGrid:None EditorOnly:false RuntimeOnly:false HLODRelevant:false ListedInSceneOutliner:true IsMainWorldOnly:false
 |   |   |- Guid:EECD8287498F8ADBD8D38381E5C1AE4D BaseClass:/Game/Shapes/Shape3/BP_Shape3.BP_Shape3_C NativeClass:/Script/Engine.Actor Name:BP_Shape3_C_UAID_CC96E5378338045C02_1849029365 Label:BP_Shape17 SpatiallyLoaded:true EditorBounds:IsValid=true, Min=(X=12471.009 Y=-3458.518 Z=100.188), Max=(X=13646.009 Y=-2283.518 Z=2500.188) RuntimeBounds:IsValid=true, Min=(X=12471.009 Y=-3458.518 Z=100.188), Max=(X=13646.009 Y=-2283.518 Z=2500.188) RuntimeGrid:None EditorOnly:false RuntimeOnly:false HLODRelevant:false ListedInSceneOutliner:true IsMainWorldOnly:false
 |   |   |- Guid:F5E3FEB3450C49844FD93DA8E083C8AD NativeClass:/Script/Engine.PostProcessVolume Name:PostProcessVolume_0 Label:PostProcessVolume SpatiallyLoaded:false EditorBounds:IsValid=true, Min=(X=0.000 Y=0.000 Z=400.000), Max=(X=200.000 Y=200.000 Z=600.000) RuntimeBounds:IsValid=true, Min=(X=0.000 Y=0.000 Z=400.000), Max=(X=200.000 Y=200.000 Z=600.000) RuntimeGrid:None EditorOnly:false RuntimeOnly:false HLODRelevant:false ListedInSceneOutliner:true IsMainWorldOnly:false FolderPath:Lighting FolderGuid:963EC3EB4002CCE9759E2EBA541A873A
 |   |   |- Guid:F6555BC945140B3D7E685A81DAC4ED00 NativeClass:/Script/Engine.StaticMeshActor Name:StaticMeshActor_UAID_CC96E5378338B65B02_1076078633 Label:Three SpatiallyLoaded:true EditorBounds:IsValid=true, Min=(X=10135.409 Y=1616.798 Z=133.595), Max=(X=10159.409 Y=1640.798 Z=157.613) RuntimeBounds:IsValid=true, Min=(X=10135.409 Y=1616.798 Z=133.595), Max=(X=10159.409 Y=1640.798 Z=157.613) RuntimeGrid:None EditorOnly:false RuntimeOnly:false HLODRelevant:true ListedInSceneOutliner:true IsMainWorldOnly:false
 |   |   |- Guid:FE131435429423509ABB7FA33B334499 BaseClass:/Game/Shapes/Shape3/BP_Shape3.BP_Shape3_C NativeClass:/Script/Engine.Actor Name:BP_Shape3_C_UAID_CC96E5378338045C02_1858905366 Label:BP_Shape18 SpatiallyLoaded:true EditorBounds:IsValid=true, Min=(X=12433.509 Y=-1203.398 Z=100.188), Max=(X=13683.509 Y=46.602 Z=6300.188) RuntimeBounds:IsValid=true, Min=(X=12433.509 Y=-1203.398 Z=100.188), Max=(X=13683.509 Y=46.602 Z=6300.188) RuntimeGrid:None EditorOnly:false RuntimeOnly:false HLODRelevant:false ListedInSceneOutliner:true IsMainWorldOnly:false
 |   |- [+] Clusters:
 |   |   |- [+] [  0]
 |   |   |   |- Guid:209DD98B49946C49C7D62BB956792F97 NativeClass:/Script/Engine.StaticMeshActor Name:StaticMeshActor_UAID_CC96E5378338B55B02_2066383455 Label:Four SpatiallyLoaded:true EditorBounds:IsValid=true, Min=(X=10135.228 Y=1616.977 Z=97.539), Max=(X=10159.228 Y=1640.977 Z=121.539) RuntimeBounds:IsValid=true, Min=(X=10135.228 Y=1616.977 Z=97.539), Max=(X=10159.228 Y=1640.977 Z=121.539) RuntimeGrid:None EditorOnly:false RuntimeOnly:false HLODRelevant:true ListedInSceneOutliner:true IsMainWorldOnly:false
 |   |   |- [+] [  1]
 |   |   |   |- Guid:2AC300E74BDB7CCEE08EE99B0C80E4A7 BaseClass:/Game/Shapes/Shape3/BP_Shape3.BP_Shape3_C NativeClass:/Script/Engine.Actor Name:BP_Shape3_C_UAID_CC96E5378338045C02_1819214355 Label:BP_Shape7 SpatiallyLoaded:true EditorBounds:IsValid=true, Min=(X=10742.389 Y=338.197 Z=100.188), Max=(X=11967.389 Y=1563.197 Z=6300.188) RuntimeBounds:IsValid=true, Min=(X=10742.389 Y=338.197 Z=100.188), Max=(X=11967.389 Y=1563.197 Z=6300.188) RuntimeGrid:None EditorOnly:false RuntimeOnly:false HLODRelevant:false ListedInSceneOutliner:true IsMainWorldOnly:false
 |   |   |- [+] [  2]
 |   |   |   |- Guid:2FB58999456391D349DC0F86DAC136ED NativeClass:/Script/Engine.SkyLight Name:SkyLight_1 Label:SkyLight SpatiallyLoaded:false EditorBounds:IsValid=true, Min=(X=0.000 Y=0.000 Z=690.000), Max=(X=0.000 Y=0.000 Z=690.000) RuntimeBounds:IsValid=true, Min=(X=0.000 Y=0.000 Z=690.000), Max=(X=0.000 Y=0.000 Z=690.000) RuntimeGrid:None EditorOnly:false RuntimeOnly:false HLODRelevant:false ListedInSceneOutliner:true IsMainWorldOnly:false FolderPath:Lighting FolderGuid:963EC3EB4002CCE9759E2EBA541A873A
 |   |   |- [+] [  3]
 |   |   |   |- Guid:316CF2A6494ACA4C0E4180A87D36AB8F NativeClass:/Script/Engine.ExponentialHeightFog Name:ExponentialHeightFog_0 Label:ExponentialHeightFog SpatiallyLoaded:false EditorBounds:IsValid=true, Min=(X=-5600.000 Y=-50.000 Z=-6850.000), Max=(X=-5600.000 Y=-50.000 Z=-6850.000) RuntimeBounds:IsValid=true, Min=(X=-5600.000 Y=-50.000 Z=-6850.000), Max=(X=-5600.000 Y=-50.000 Z=-6850.000) RuntimeGrid:None EditorOnly:false RuntimeOnly:false HLODRelevant:false ListedInSceneOutliner:true IsMainWorldOnly:false FolderPath:Lighting FolderGuid:963EC3EB4002CCE9759E2EBA541A873A
 |   |   |- [+] [  4]
 |   |   |   |- Guid:3A00AA1C422CE54C0BDB60BAF471BFBB NativeClass:/Script/Engine.PlayerStart Name:PlayerStart_0 Label:PlayerStart SpatiallyLoaded:false EditorBounds:IsValid=true, Min=(X=4252.000 Y=1412.000 Z=-35.987), Max=(X=4620.000 Y=1668.000 Z=220.013) RuntimeBounds:IsValid=true, Min=(X=4340.000 Y=1500.000 Z=0.013), Max=(X=4420.000 Y=1580.000 Z=184.013) RuntimeGrid:None EditorOnly:false RuntimeOnly:false HLODRelevant:false ListedInSceneOutliner:true IsMainWorldOnly:false
 |   |   |- [+] [  5]
 |   |   |   |- Guid:4D3BE93F4146AAAC8BBE79999D96D57F NativeClass:/Script/Engine.VolumetricCloud Name:VolumetricCloud_0 Label:VolumetricCloud SpatiallyLoaded:false EditorBounds:IsValid=true, Min=(X=0.000 Y=0.000 Z=820.000), Max=(X=0.000 Y=0.000 Z=820.000) RuntimeBounds:IsValid=true, Min=(X=0.000 Y=0.000 Z=820.000), Max=(X=0.000 Y=0.000 Z=820.000) RuntimeGrid:None EditorOnly:false RuntimeOnly:false HLODRelevant:false ListedInSceneOutliner:true IsMainWorldOnly:false FolderPath:Lighting FolderGuid:963EC3EB4002CCE9759E2EBA541A873A
 |   |   |- [+] [  6]
 |   |   |   |- Guid:52837E7E48A254E5606747B6F111F983 BaseClass:/Game/Shapes/Shape3/BP_Shape3.BP_Shape3_C NativeClass:/Script/Engine.Actor Name:BP_Shape3_C_UAID_CC96E5378338045C02_1817233354 Label:BP_Shape6 SpatiallyLoaded:true EditorBounds:IsValid=true, Min=(X=8107.510 Y=375.697 Z=100.188), Max=(X=9257.510 Y=1525.697 Z=6300.188) RuntimeBounds:IsValid=true, Min=(X=8107.510 Y=375.697 Z=100.188), Max=(X=9257.510 Y=1525.697 Z=6300.188) RuntimeGrid:None EditorOnly:false RuntimeOnly:false HLODRelevant:false ListedInSceneOutliner:true IsMainWorldOnly:false
 |   |   |- [+] [  7]
 |   |   |   |- Guid:6003DACB47E199F3921EBF9635DF47E3 BaseClass:/Game/Shapes/Shape3/BP_Shape3.BP_Shape3_C NativeClass:/Script/Engine.Actor Name:BP_Shape3_C_UAID_CC96E5378338045C02_1827351358 Label:BP_Shape10 SpatiallyLoaded:true EditorBounds:IsValid=true, Min=(X=5238.159 Y=-348.028 Z=100.188), Max=(X=6488.159 Y=901.972 Z=5700.188) RuntimeBounds:IsValid=true, Min=(X=5238.159 Y=-348.028 Z=100.188), Max=(X=6488.159 Y=901.972 Z=5700.188) RuntimeGrid:None EditorOnly:false RuntimeOnly:false HLODRelevant:false ListedInSceneOutliner:true IsMainWorldOnly:false
 |   |   |- [+] [  8]
 |   |   |   |- Guid:63B61988462D20534AB98C9935F3994E BaseClass:/Game/Shapes/Shape3/BP_Shape3.BP_Shape3_C NativeClass:/Script/Engine.Actor Name:BP_Shape3_C_UAID_CC96E5378338045C02_1841874361 Label:BP_Shape13 SpatiallyLoaded:true EditorBounds:IsValid=true, Min=(X=2038.008 Y=-3808.539 Z=100.188), Max=(X=3263.008 Y=-2583.539 Z=6300.188) RuntimeBounds:IsValid=true, Min=(X=2038.008 Y=-3808.539 Z=100.188), Max=(X=3263.008 Y=-2583.539 Z=6300.188) RuntimeGrid:None EditorOnly:false RuntimeOnly:false HLODRelevant:false ListedInSceneOutliner:true IsMainWorldOnly:false
 |   |   |- [+] [  9]
 |   |   |   |- Guid:6BAF4DDD444C60371492D3919DB42C97 NativeClass:/Script/Engine.WorldDataLayers Name:WorldDataLayers Label:WorldDataLayers SpatiallyLoaded:false EditorBounds:IsValid=true, Min=(X=0.000 Y=0.000 Z=0.000), Max=(X=0.000 Y=0.000 Z=0.000) RuntimeBounds:IsValid=true, Min=(X=0.000 Y=0.000 Z=0.000), Max=(X=0.000 Y=0.000 Z=0.000) RuntimeGrid:None EditorOnly:false RuntimeOnly:false HLODRelevant:false ListedInSceneOutliner:true IsMainWorldOnly:true
 |   |   |- [+] [ 10]
 |   |   |   |- Guid:709BEC0349BF460E909149819BB8B146 BaseClass:/Game/Shapes/Shape3/BP_Shape3.BP_Shape3_C NativeClass:/Script/Engine.Actor Name:BP_Shape3_C_UAID_CC96E5378338045C02_1455709351 Label:BP_Shape3 SpatiallyLoaded:true EditorBounds:IsValid=true, Min=(X=10412.999 Y=-3302.603 Z=100.188), Max=(X=11562.999 Y=-2152.603 Z=6300.188) RuntimeBounds:IsValid=true, Min=(X=10412.999 Y=-3302.603 Z=100.188), Max=(X=11562.999 Y=-2152.603 Z=6300.188) RuntimeGrid:None EditorOnly:false RuntimeOnly:false HLODRelevant:false ListedInSceneOutliner:true IsMainWorldOnly:false
 |   |   |- [+] [ 11]
 |   |   |   |- Guid:732A6B814D1D0EE12F88D7AC49815AFF BaseClass:/Game/Shapes/Shape3/BP_Shape3.BP_Shape3_C NativeClass:/Script/Engine.Actor Name:BP_Shape3_C_UAID_CC96E5378338045C02_1847175364 Label:BP_Shape16 SpatiallyLoaded:true EditorBounds:IsValid=true, Min=(X=8083.543 Y=-3471.018 Z=100.188), Max=(X=9283.543 Y=-2271.018 Z=6300.188) RuntimeBounds:IsValid=true, Min=(X=8083.543 Y=-3471.018 Z=100.188), Max=(X=9283.543 Y=-2271.018 Z=6300.188) RuntimeGrid:None EditorOnly:false RuntimeOnly:false HLODRelevant:false ListedInSceneOutliner:true IsMainWorldOnly:false
 |   |   |- [+] [ 12]
 |   |   |   |- Guid:7BDC8FD54DB65477C5888CB1A09CCC34 NativeClass:/Script/Engine.StaticMeshActor Name:StaticMeshActor_UAID_305A3A8361D12F5702_1442180643 Label:SM_Cube6 SpatiallyLoaded:true EditorBounds:IsValid=true, Min=(X=-3785.921 Y=-10146.810 Z=-53.852), Max=(X=16705.543 Y=14558.330 Z=103.390) RuntimeBounds:IsValid=true, Min=(X=-3785.921 Y=-10146.810 Z=-53.852), Max=(X=16705.543 Y=14558.330 Z=103.390) RuntimeGrid:None EditorOnly:false RuntimeOnly:false HLODRelevant:true ListedInSceneOutliner:true IsMainWorldOnly:false FolderPath:Playground FolderGuid:C73F09FC4215536B1DCE2A9E0A830C70
 |   |   |- [+] [ 13]
 |   |   |   |- Guid:8045513447FCC3F9227554942282874D BaseClass:/Game/Shapes/Shape3/BP_Shape3.BP_Shape3_C NativeClass:/Script/Engine.Actor Name:BP_Shape3_C_UAID_CC96E5378338045C02_1832767360 Label:BP_Shape12 SpatiallyLoaded:true EditorBounds:IsValid=true, Min=(X=2025.508 Y=-1787.333 Z=100.188), Max=(X=3275.508 Y=-537.333 Z=6300.188) RuntimeBounds:IsValid=true, Min=(X=2025.508 Y=-1787.333 Z=100.188), Max=(X=3275.508 Y=-537.333 Z=6300.188) RuntimeGrid:None EditorOnly:false RuntimeOnly:false HLODRelevant:false ListedInSceneOutliner:true IsMainWorldOnly:false
 |   |   |- [+] [ 14]
 |   |   |   |- Guid:84B595704FFA9CF0B2B729875D9208FF BaseClass:/Game/Shapes/Shape3/BP_Shape3.BP_Shape3_C NativeClass:/Script/Engine.Actor Name:BP_Shape3_C_UAID_CC96E5378338045C02_1863985368 Label:BP_Shape20 SpatiallyLoaded:true EditorBounds:IsValid=true, Min=(X=12433.509 Y=3561.681 Z=100.188), Max=(X=13683.509 Y=4811.681 Z=4900.188) RuntimeBounds:IsValid=true, Min=(X=12433.509 Y=3561.681 Z=100.188), Max=(X=13683.509 Y=4811.681 Z=4900.188) RuntimeGrid:None EditorOnly:false RuntimeOnly:false HLODRelevant:false ListedInSceneOutliner:true IsMainWorldOnly:false
 |   |   |- [+] [ 15]
 |   |   |   |- Guid:877DD6754D709E042BBFE187DA084436 NativeClass:/Script/Engine.StaticMeshActor Name:StaticMeshActor_UAID_305A3A8361D1335702_2071721370 Label:RevolveSpline SpatiallyLoaded:true EditorBounds:IsValid=true, Min=(X=-20477.210 Y=2423.569 Z=-1275.280), Max=(X=-17563.046 Y=6044.726 Z=1735.415) RuntimeBounds:IsValid=true, Min=(X=-20477.210 Y=2423.569 Z=-1275.280), Max=(X=-17563.046 Y=6044.726 Z=1735.415) RuntimeGrid:None EditorOnly:false RuntimeOnly:false HLODRelevant:true ListedInSceneOutliner:true IsMainWorldOnly:false
 |   |   |- [+] [ 16]
 |   |   |   |- Guid:954D616C4B1D90721566848D9D909E9E BaseClass:/Game/Shapes/Shape3/BP_Shape3.BP_Shape3_C NativeClass:/Script/Engine.Actor Name:BP_Shape3_C_UAID_CC96E5378338045C02_1822464356 Label:BP_Shape8 SpatiallyLoaded:true EditorBounds:IsValid=true, Min=(X=10754.888 Y=2290.697 Z=100.188), Max=(X=11954.888 Y=3490.697 Z=1900.188) RuntimeBounds:IsValid=true, Min=(X=10754.888 Y=2290.697 Z=100.188), Max=(X=11954.888 Y=3490.697 Z=1900.188) RuntimeGrid:None EditorOnly:false RuntimeOnly:false HLODRelevant:false ListedInSceneOutliner:true IsMainWorldOnly:false
 |   |   |- [+] [ 17]
 |   |   |   |- Guid:A2CA7616450E4875242E4F887FD4EB0E NativeClass:/Script/Engine.StaticMeshActor Name:StaticMeshActor_UAID_305A3A8361D1275702_1093631231 Label:Box SpatiallyLoaded:true EditorBounds:IsValid=true, Min=(X=-21508.625 Y=-28.055 Z=-1950.091), Max=(X=-18170.658 Y=2615.911 Z=892.134) RuntimeBounds:IsValid=true, Min=(X=-21508.625 Y=-28.055 Z=-1950.091), Max=(X=-18170.658 Y=2615.911 Z=892.134) RuntimeGrid:None EditorOnly:false RuntimeOnly:false HLODRelevant:true ListedInSceneOutliner:true IsMainWorldOnly:false
 |   |   |- [+] [ 18]
 |   |   |   |- Guid:B13D8105421FA4E4D134B0AE86137DEF BaseClass:/Game/Shapes/Shape3/BP_Shape3.BP_Shape3_C NativeClass:/Script/Engine.Actor Name:BP_Shape3_C_UAID_CC96E5378338045C02_1824506357 Label:BP_Shape9 SpatiallyLoaded:true EditorBounds:IsValid=true, Min=(X=7968.233 Y=2265.697 Z=100.188), Max=(X=9218.233 Y=3515.697 Z=4500.188) RuntimeBounds:IsValid=true, Min=(X=7968.233 Y=2265.697 Z=100.188), Max=(X=9218.233 Y=3515.697 Z=4500.188) RuntimeGrid:None EditorOnly:false RuntimeOnly:false HLODRelevant:false ListedInSceneOutliner:true IsMainWorldOnly:false
 |   |   |- [+] [ 19]
 |   |   |   |- Guid:B785ED2844B84CFB91E7F39FE661CD99 NativeClass:/Script/Engine.DirectionalLight Name:DirectionalLight_0 Label:DirectionalLight SpatiallyLoaded:false EditorBounds:IsValid=true, Min=(X=-1048576.000 Y=-1048576.000 Z=-1048576.000), Max=(X=1048576.000 Y=1048576.000 Z=1048576.000) RuntimeBounds:IsValid=true, Min=(X=-1048576.000 Y=-1048576.000 Z=-1048576.000), Max=(X=1048576.000 Y=1048576.000 Z=1048576.000) RuntimeGrid:None EditorOnly:false RuntimeOnly:false HLODRelevant:false ListedInSceneOutliner:true IsMainWorldOnly:false FolderPath:Lighting FolderGuid:963EC3EB4002CCE9759E2EBA541A873A
 |   |   |- [+] [ 20]
 |   |   |   |- Guid:B7B143D9434B031A85BA04BE8F3D2257 BaseClass:/Game/Shapes/Shape3/BP_Shape3.BP_Shape3_C NativeClass:/Script/Engine.Actor Name:BP_Shape3_C_UAID_CC96E5378338045C02_1843488362 Label:BP_Shape14 SpatiallyLoaded:true EditorBounds:IsValid=true, Min=(X=3783.944 Y=-3483.518 Z=100.188), Max=(X=5008.944 Y=-2258.518 Z=3600.188) RuntimeBounds:IsValid=true, Min=(X=3783.944 Y=-3483.518 Z=100.188), Max=(X=5008.944 Y=-2258.518 Z=3600.188) RuntimeGrid:None EditorOnly:false RuntimeOnly:false HLODRelevant:false ListedInSceneOutliner:true IsMainWorldOnly:false
 |   |   |- [+] [ 21]
 |   |   |   |- Guid:BC72C7EE4C4AFA5A1F3DE4A15E471D3B BaseClass:/Game/Shapes/Shape3/BP_Shape3.BP_Shape3_C NativeClass:/Script/Engine.Actor Name:BP_Shape3_C_UAID_CC96E5378338045C02_1813849352 Label:BP_Shape4 SpatiallyLoaded:true EditorBounds:IsValid=true, Min=(X=8057.510 Y=-3352.603 Z=100.188), Max=(X=9307.510 Y=-2102.603 Z=1800.188) RuntimeBounds:IsValid=true, Min=(X=8057.510 Y=-3352.603 Z=100.188), Max=(X=9307.510 Y=-2102.603 Z=1800.188) RuntimeGrid:None EditorOnly:false RuntimeOnly:false HLODRelevant:false ListedInSceneOutliner:true IsMainWorldOnly:false
 |   |   |- [+] [ 22]
 |   |   |   |- Guid:C4ABE9984F0F3F0C71CE4EA869E86842 BaseClass:/Game/Shapes/Shape3/BP_Shape3.BP_Shape3_C NativeClass:/Script/Engine.Actor Name:BP_Shape3_C_UAID_CC96E5378338045C02_1829793359 Label:BP_Shape11 SpatiallyLoaded:true EditorBounds:IsValid=true, Min=(X=4228.603 Y=-1975.102 Z=100.188), Max=(X=5478.603 Y=-725.102 Z=6300.188) RuntimeBounds:IsValid=true, Min=(X=4228.603 Y=-1975.102 Z=100.188), Max=(X=5478.603 Y=-725.102 Z=6300.188) RuntimeGrid:None EditorOnly:false RuntimeOnly:false HLODRelevant:false ListedInSceneOutliner:true IsMainWorldOnly:false
 |   |   |- [+] [ 23]
 |   |   |   |- Guid:C53712A34DDDAD1F5DFAA78734DAB610 BaseClass:/Game/Shapes/Shape3/BP_Shape5.BP_Shape5_C NativeClass:/Script/Engine.Actor Name:BP_Shape5_C_UAID_CC96E5378338975C02_1459906223 Label:BP_Shape21 SpatiallyLoaded:true EditorBounds:IsValid=true, Min=(X=3555.914 Y=6668.052 Z=96.191), Max=(X=3555.914 Y=6668.052 Z=96.191) RuntimeBounds:IsValid=true, Min=(X=3555.914 Y=6668.052 Z=96.191), Max=(X=3555.914 Y=6668.052 Z=96.191) RuntimeGrid:None EditorOnly:false RuntimeOnly:false HLODRelevant:false ListedInSceneOutliner:true IsMainWorldOnly:false
 |   |   |- [+] [ 24]
 |   |   |   |- Guid:C5FC3498434A9545266A20BF9A38CAF4 BaseClass:/Game/Shapes/Shape3/BP_Shape3.BP_Shape3_C NativeClass:/Script/Engine.Actor Name:BP_Shape3_C_UAID_CC96E5378338045C02_1815566353 Label:BP_Shape5 SpatiallyLoaded:true EditorBounds:IsValid=true, Min=(X=8057.510 Y=-1410.486 Z=100.188), Max=(X=9307.510 Y=-160.486 Z=6300.188) RuntimeBounds:IsValid=true, Min=(X=8057.510 Y=-1410.486 Z=100.188), Max=(X=9307.510 Y=-160.486 Z=6300.188) RuntimeGrid:None EditorOnly:false RuntimeOnly:false HLODRelevant:false ListedInSceneOutliner:true IsMainWorldOnly:false
 |   |   |- [+] [ 25]
 |   |   |   |- Guid:CA0C68054C741E900A6F149F112CC162 NativeClass:/Script/Engine.StaticMeshActor Name:StaticMeshActor_UAID_CC96E5378338B55B02_2092877456 Label:4to3 SpatiallyLoaded:true EditorBounds:IsValid=true, Min=(X=10135.442 Y=1616.973 Z=121.539), Max=(X=10159.442 Y=1640.973 Z=133.700) RuntimeBounds:IsValid=true, Min=(X=10135.442 Y=1616.973 Z=121.539), Max=(X=10159.442 Y=1640.973 Z=133.700) RuntimeGrid:None EditorOnly:false RuntimeOnly:false HLODRelevant:true ListedInSceneOutliner:true IsMainWorldOnly:false
 |   |   |- [+] [ 26]
 |   |   |   |- Guid:CCFF262C46EEFFDF319E7F9539CE697E NativeClass:/Script/Engine.SkyAtmosphere Name:SkyAtmosphere_0 Label:SkyAtmosphere SpatiallyLoaded:false EditorBounds:IsValid=true, Min=(X=0.000 Y=0.000 Z=1020.000), Max=(X=0.000 Y=0.000 Z=1020.000) RuntimeBounds:IsValid=true, Min=(X=0.000 Y=0.000 Z=1020.000), Max=(X=0.000 Y=0.000 Z=1020.000) RuntimeGrid:None EditorOnly:false RuntimeOnly:false HLODRelevant:false ListedInSceneOutliner:true IsMainWorldOnly:false FolderPath:Lighting FolderGuid:963EC3EB4002CCE9759E2EBA541A873A
 |   |   |- [+] [ 27]
 |   |   |   |- Guid:D48D94C94601C8E44FC386AA4B8E8A99 BaseClass:/Game/Shapes/Shape3/BP_Shape3.BP_Shape3_C NativeClass:/Script/Engine.Actor Name:BP_Shape3_C_UAID_CC96E5378338045C02_1845498363 Label:BP_Shape15 SpatiallyLoaded:true EditorBounds:IsValid=true, Min=(X=5764.855 Y=-3496.018 Z=100.188), Max=(X=7014.855 Y=-2246.018 Z=6300.188) RuntimeBounds:IsValid=true, Min=(X=5764.855 Y=-3496.018 Z=100.188), Max=(X=7014.855 Y=-2246.018 Z=6300.188) RuntimeGrid:None EditorOnly:false RuntimeOnly:false HLODRelevant:false ListedInSceneOutliner:true IsMainWorldOnly:false
 |   |   |- [+] [ 28]
 |   |   |   |- Guid:E42A1A92476FAA7BECC1098D0BBBD9E3 BaseClass:/Game/Shapes/Shape3/BP_Shape3.BP_Shape3_C NativeClass:/Script/Engine.Actor Name:BP_Shape3_C_UAID_CC96E5378338045C02_1862238367 Label:BP_Shape19 SpatiallyLoaded:true EditorBounds:IsValid=true, Min=(X=12458.509 Y=1591.406 Z=100.188), Max=(X=13658.509 Y=2791.406 Z=6300.188) RuntimeBounds:IsValid=true, Min=(X=12458.509 Y=1591.406 Z=100.188), Max=(X=13658.509 Y=2791.406 Z=6300.188) RuntimeGrid:None EditorOnly:false RuntimeOnly:false HLODRelevant:false ListedInSceneOutliner:true IsMainWorldOnly:false
 |   |   |- [+] [ 29]
 |   |   |   |- Guid:EECD8287498F8ADBD8D38381E5C1AE4D BaseClass:/Game/Shapes/Shape3/BP_Shape3.BP_Shape3_C NativeClass:/Script/Engine.Actor Name:BP_Shape3_C_UAID_CC96E5378338045C02_1849029365 Label:BP_Shape17 SpatiallyLoaded:true EditorBounds:IsValid=true, Min=(X=12471.009 Y=-3458.518 Z=100.188), Max=(X=13646.009 Y=-2283.518 Z=2500.188) RuntimeBounds:IsValid=true, Min=(X=12471.009 Y=-3458.518 Z=100.188), Max=(X=13646.009 Y=-2283.518 Z=2500.188) RuntimeGrid:None EditorOnly:false RuntimeOnly:false HLODRelevant:false ListedInSceneOutliner:true IsMainWorldOnly:false
 |   |   |- [+] [ 30]
 |   |   |   |- Guid:F5E3FEB3450C49844FD93DA8E083C8AD NativeClass:/Script/Engine.PostProcessVolume Name:PostProcessVolume_0 Label:PostProcessVolume SpatiallyLoaded:false EditorBounds:IsValid=true, Min=(X=0.000 Y=0.000 Z=400.000), Max=(X=200.000 Y=200.000 Z=600.000) RuntimeBounds:IsValid=true, Min=(X=0.000 Y=0.000 Z=400.000), Max=(X=200.000 Y=200.000 Z=600.000) RuntimeGrid:None EditorOnly:false RuntimeOnly:false HLODRelevant:false ListedInSceneOutliner:true IsMainWorldOnly:false FolderPath:Lighting FolderGuid:963EC3EB4002CCE9759E2EBA541A873A
 |   |   |- [+] [ 31]
 |   |   |   |- Guid:F6555BC945140B3D7E685A81DAC4ED00 NativeClass:/Script/Engine.StaticMeshActor Name:StaticMeshActor_UAID_CC96E5378338B65B02_1076078633 Label:Three SpatiallyLoaded:true EditorBounds:IsValid=true, Min=(X=10135.409 Y=1616.798 Z=133.595), Max=(X=10159.409 Y=1640.798 Z=157.613) RuntimeBounds:IsValid=true, Min=(X=10135.409 Y=1616.798 Z=133.595), Max=(X=10159.409 Y=1640.798 Z=157.613) RuntimeGrid:None EditorOnly:false RuntimeOnly:false HLODRelevant:true ListedInSceneOutliner:true IsMainWorldOnly:false
 |   |   |- [+] [ 32]
 |   |   |   |- Guid:FE131435429423509ABB7FA33B334499 BaseClass:/Game/Shapes/Shape3/BP_Shape3.BP_Shape3_C NativeClass:/Script/Engine.Actor Name:BP_Shape3_C_UAID_CC96E5378338045C02_1858905366 Label:BP_Shape18 SpatiallyLoaded:true EditorBounds:IsValid=true, Min=(X=12433.509 Y=-1203.398 Z=100.188), Max=(X=13683.509 Y=46.602 Z=6300.188) RuntimeBounds:IsValid=true, Min=(X=12433.509 Y=-1203.398 Z=100.188), Max=(X=13683.509 Y=46.602 Z=6300.188) RuntimeGrid:None EditorOnly:false RuntimeOnly:false HLODRelevant:false ListedInSceneOutliner:true IsMainWorldOnly:false
 |- ContainerInstances:
 |- [+] MainContainer:
 |   |-        ID: 00000000000000000000000000000000
 |   |-  ParentID: 00000000000000000000000000000000
 |   |-    Bounds: IsValid=false, Min=(X=0.000 Y=0.000 Z=0.000), Max=(X=0.000 Y=0.000 Z=0.000)
 |   |- Transform: 0.000000,0.000000,0.000000|0.000000,0.000000,-0.000000|1.000000,1.000000,1.000000
 |   |- Container: /Game/ThirdPerson/Maps/ThirdPersonMap
----------------------------------------------------------------------------------------------------------------
ThirdPersonMap - Persistent Level
----------------------------------------------------------------------------------------------------------------
[+] Content of ThirdPersonMap Persistent Level
 |- Always loaded Actor Count: 33 
 |- Actor Path: /Game/ThirdPerson/Maps/ThirdPersonMap.ThirdPersonMap:PersistentLevel.BP_Shape3_C_UAID_CC96E5378338045C02_1455709351
 |- Actor Package: /Game/__ExternalActors__/ThirdPerson/Maps/ThirdPersonMap/4/8M/ZTMK6EGCCNPFI9Y6JOXW24
 |- Actor Path: /Game/ThirdPerson/Maps/ThirdPersonMap.ThirdPersonMap:PersistentLevel.BP_Shape3_C_UAID_CC96E5378338045C02_1813849352
 |- Actor Package: /Game/__ExternalActors__/ThirdPerson/Maps/ThirdPersonMap/8/F7/AJGWBRCZLWHOVONRY17U4N
 |- Actor Path: /Game/ThirdPerson/Maps/ThirdPersonMap.ThirdPersonMap:PersistentLevel.BP_Shape3_C_UAID_CC96E5378338045C02_1815566353
 |- Actor Package: /Game/__ExternalActors__/ThirdPerson/Maps/ThirdPersonMap/E/NC/JZBBJ041SOCCYCV08OVZC1
 |- Actor Path: /Game/ThirdPerson/Maps/ThirdPersonMap.ThirdPersonMap:PersistentLevel.BP_Shape3_C_UAID_CC96E5378338045C02_1817233354
 |- Actor Package: /Game/__ExternalActors__/ThirdPerson/Maps/ThirdPersonMap/F/0J/SZQ48KPHKP16IVJ4MMRE9R
 |- Actor Path: /Game/ThirdPerson/Maps/ThirdPersonMap.ThirdPersonMap:PersistentLevel.BP_Shape3_C_UAID_CC96E5378338045C02_1819214355
 |- Actor Package: /Game/__ExternalActors__/ThirdPerson/Maps/ThirdPersonMap/6/FI/7B9U3FKYK0M402ZVHQOUML
 |- Actor Path: /Game/ThirdPerson/Maps/ThirdPersonMap.ThirdPersonMap:PersistentLevel.BP_Shape3_C_UAID_CC96E5378338045C02_1822464356
 |- Actor Package: /Game/__ExternalActors__/ThirdPerson/Maps/ThirdPersonMap/A/HE/922BLFVDB3R3PBEPRGKP4P
 |- Actor Path: /Game/ThirdPerson/Maps/ThirdPersonMap.ThirdPersonMap:PersistentLevel.BP_Shape3_C_UAID_CC96E5378338045C02_1824506357
 |- Actor Package: /Game/__ExternalActors__/ThirdPerson/Maps/ThirdPersonMap/A/MT/TA69R9G2QJM0WDO96728X7
 |- Actor Path: /Game/ThirdPerson/Maps/ThirdPersonMap.ThirdPersonMap:PersistentLevel.BP_Shape3_C_UAID_CC96E5378338045C02_1827351358
 |- Actor Package: /Game/__ExternalActors__/ThirdPerson/Maps/ThirdPersonMap/1/82/WOCA2JWZLEUIINCF15PZKP
 |- Actor Path: /Game/ThirdPerson/Maps/ThirdPersonMap.ThirdPersonMap:PersistentLevel.BP_Shape3_C_UAID_CC96E5378338045C02_1829793359
 |- Actor Package: /Game/__ExternalActors__/ThirdPerson/Maps/ThirdPersonMap/5/6H/8UPG6JF276QZQ1V1VUCMAG
 |- Actor Path: /Game/ThirdPerson/Maps/ThirdPersonMap.ThirdPersonMap:PersistentLevel.BP_Shape3_C_UAID_CC96E5378338045C02_1832767360
 |- Actor Package: /Game/__ExternalActors__/ThirdPerson/Maps/ThirdPersonMap/9/25/VJGD4TOZK1EXT44KXRB4P6
 |- Actor Path: /Game/ThirdPerson/Maps/ThirdPersonMap.ThirdPersonMap:PersistentLevel.BP_Shape3_C_UAID_CC96E5378338045C02_1841874361
 |- Actor Package: /Game/__ExternalActors__/ThirdPerson/Maps/ThirdPersonMap/1/X0/0WLJ4IPKFG24KBVMJ98DP4
 |- Actor Path: /Game/ThirdPerson/Maps/ThirdPersonMap.ThirdPersonMap:PersistentLevel.BP_Shape3_C_UAID_CC96E5378338045C02_1843488362
 |- Actor Package: /Game/__ExternalActors__/ThirdPerson/Maps/ThirdPersonMap/4/FD/D9MYQ0L8DQSXQXVIK9BM0P
 |- Actor Path: /Game/ThirdPerson/Maps/ThirdPersonMap.ThirdPersonMap:PersistentLevel.BP_Shape3_C_UAID_CC96E5378338045C02_1845498363
 |- Actor Package: /Game/__ExternalActors__/ThirdPerson/Maps/ThirdPersonMap/C/FG/Y1ZTC81FBB8QLZI0LFQRHB
 |- Actor Path: /Game/ThirdPerson/Maps/ThirdPersonMap.ThirdPersonMap:PersistentLevel.BP_Shape3_C_UAID_CC96E5378338045C02_1847175364
 |- Actor Package: /Game/__ExternalActors__/ThirdPerson/Maps/ThirdPersonMap/0/AN/VKMK9LO3RFDAU637U06HBK
 |- Actor Path: /Game/ThirdPerson/Maps/ThirdPersonMap.ThirdPersonMap:PersistentLevel.BP_Shape3_C_UAID_CC96E5378338045C02_1849029365
 |- Actor Package: /Game/__ExternalActors__/ThirdPerson/Maps/ThirdPersonMap/7/HN/NE9TG5C2Q14239QK9CVSPM
 |- Actor Path: /Game/ThirdPerson/Maps/ThirdPersonMap.ThirdPersonMap:PersistentLevel.BP_Shape3_C_UAID_CC96E5378338045C02_1858905366
 |- Actor Package: /Game/__ExternalActors__/ThirdPerson/Maps/ThirdPersonMap/D/ZF/UNDH15OR1SH9FVZOWDLYK5
 |- Actor Path: /Game/ThirdPerson/Maps/ThirdPersonMap.ThirdPersonMap:PersistentLevel.BP_Shape3_C_UAID_CC96E5378338045C02_1862238367
 |- Actor Package: /Game/__ExternalActors__/ThirdPerson/Maps/ThirdPersonMap/3/JJ/GUN82TUL4JFRLH35W5WHEH
 |- Actor Path: /Game/ThirdPerson/Maps/ThirdPersonMap.ThirdPersonMap:PersistentLevel.BP_Shape3_C_UAID_CC96E5378338045C02_1863985368
 |- Actor Package: /Game/__ExternalActors__/ThirdPerson/Maps/ThirdPersonMap/A/YO/WM58DYAT65KEBCR1HWTOO5
 |- Actor Path: /Game/ThirdPerson/Maps/ThirdPersonMap.ThirdPersonMap:PersistentLevel.BP_Shape5_C_UAID_CC96E5378338975C02_1459906223
 |- Actor Package: /Game/__ExternalActors__/ThirdPerson/Maps/ThirdPersonMap/1/OX/07EK91H62KJD9ZZH5XEHJ2
 |- Actor Path: /Game/ThirdPerson/Maps/ThirdPersonMap.ThirdPersonMap:PersistentLevel.DirectionalLight_0
 |- Actor Package: /Game/__ExternalActors__/ThirdPerson/Maps/ThirdPersonMap/5/R1/TS5OQ5CRUWFZYL1ZQ7I416
 |- Actor Path: /Game/ThirdPerson/Maps/ThirdPersonMap.ThirdPersonMap:PersistentLevel.ExponentialHeightFog_0
 |- Actor Package: /Game/__ExternalActors__/ThirdPerson/Maps/ThirdPersonMap/6/J7/N10XDC9G27EMLS5AGZ6AVV
 |- Actor Path: /Game/ThirdPerson/Maps/ThirdPersonMap.ThirdPersonMap:PersistentLevel.PlayerStart_0
 |- Actor Package: /Game/__ExternalActors__/ThirdPerson/Maps/ThirdPersonMap/D/DE/SWSI13675DVYIZ0N4NF7Y3
 |- Actor Path: /Game/ThirdPerson/Maps/ThirdPersonMap.ThirdPersonMap:PersistentLevel.PostProcessVolume_0
 |- Actor Package: /Game/__ExternalActors__/ThirdPerson/Maps/ThirdPersonMap/1/AZ/A7GPT109Y6ZTTJD4A7TXER
 |- Actor Path: /Game/ThirdPerson/Maps/ThirdPersonMap.ThirdPersonMap:PersistentLevel.SkyAtmosphere_0
 |- Actor Package: /Game/__ExternalActors__/ThirdPerson/Maps/ThirdPersonMap/4/LN/30UBDLYFFA5ZR7U4W4L4GG
 |- Actor Path: /Game/ThirdPerson/Maps/ThirdPersonMap.ThirdPersonMap:PersistentLevel.SkyLight_1
 |- Actor Package: /Game/__ExternalActors__/ThirdPerson/Maps/ThirdPersonMap/8/S1/DXUWD12MD3HRWVVXX076BY
 |- Actor Path: /Game/ThirdPerson/Maps/ThirdPersonMap.ThirdPersonMap:PersistentLevel.StaticMeshActor_UAID_305A3A8361D1275702_1093631231
 |- Actor Package: /Game/__ExternalActors__/ThirdPerson/Maps/ThirdPersonMap/5/OE/34MT0QOKLKBZCMC5Q5QAG0
 |- Actor Path: /Game/ThirdPerson/Maps/ThirdPersonMap.ThirdPersonMap:PersistentLevel.StaticMeshActor_UAID_305A3A8361D12F5702_1442180643
 |- Actor Package: /Game/__ExternalActors__/ThirdPerson/Maps/ThirdPersonMap/1/3W/5Y4MN1GZIAHU5BDO9XC7SO
 |- Actor Path: /Game/ThirdPerson/Maps/ThirdPersonMap.ThirdPersonMap:PersistentLevel.StaticMeshActor_UAID_305A3A8361D1335702_2071721370
 |- Actor Package: /Game/__ExternalActors__/ThirdPerson/Maps/ThirdPersonMap/4/HM/B0B9HJKO5RN4J2RD8STA55
 |- Actor Path: /Game/ThirdPerson/Maps/ThirdPersonMap.ThirdPersonMap:PersistentLevel.StaticMeshActor_UAID_CC96E5378338B55B02_2066383455
 |- Actor Package: /Game/__ExternalActors__/ThirdPerson/Maps/ThirdPersonMap/A/1O/D8ACA43TYNTDBLCS03CV2I
 |- Actor Path: /Game/ThirdPerson/Maps/ThirdPersonMap.ThirdPersonMap:PersistentLevel.StaticMeshActor_UAID_CC96E5378338B55B02_2092877456
 |- Actor Package: /Game/__ExternalActors__/ThirdPerson/Maps/ThirdPersonMap/2/DJ/5IY1THWJKSHF0CIGQGNB4T
 |- Actor Path: /Game/ThirdPerson/Maps/ThirdPersonMap.ThirdPersonMap:PersistentLevel.StaticMeshActor_UAID_CC96E5378338B65B02_1076078633
 |- Actor Package: /Game/__ExternalActors__/ThirdPerson/Maps/ThirdPersonMap/A/AJ/5Q9VBR17C7MFVPL7CEPEIQ
 |- Actor Path: /Game/ThirdPerson/Maps/ThirdPersonMap.ThirdPersonMap:PersistentLevel.VolumetricCloud_0
 |- Actor Package: /Game/__ExternalActors__/ThirdPerson/Maps/ThirdPersonMap/3/EY/87SHEJN5UBEAN2K5OV1G6R
 |- Actor Path: /Game/ThirdPerson/Maps/ThirdPersonMap.ThirdPersonMap:PersistentLevel.WorldDataLayers
 |- Actor Package: /Game/__ExternalActors__/ThirdPerson/Maps/ThirdPersonMap/0/43/HYQWORMY4JDQ5X3OKZXFLC

----------------------------------------------------------------------------------------------------------------
ThirdPersonMap - Runtime Hash Set
----------------------------------------------------------------------------------------------------------------

